d:\образование\алгоритмизация и программирование\iii семестр\project\project\x64\debug\vc143.pdb
d:\образование\алгоритмизация и программирование\iii семестр\project\project\x64\debug\vc143.idb
d:\образование\алгоритмизация и программирование\iii семестр\project\project\x64\debug\project.obj
d:\образование\алгоритмизация и программирование\iii семестр\project\project\x64\debug\fruit.obj
d:\образование\алгоритмизация и программирование\iii семестр\project\project\x64\debug\someobject.obj
d:\образование\алгоритмизация и программирование\iii семестр\project\project\x64\debug\project.obj.enc
d:\образование\алгоритмизация и программирование\iii семестр\project\x64\debug\project.pdb
d:\образование\алгоритмизация и программирование\iii семестр\project\project\x64\debug\project.tlog\cl.command.1.tlog
d:\образование\алгоритмизация и программирование\iii семестр\project\project\x64\debug\project.tlog\cl.items.tlog
d:\образование\алгоритмизация и программирование\iii семестр\project\project\x64\debug\project.tlog\cl.read.1.tlog
d:\образование\алгоритмизация и программирование\iii семестр\project\project\x64\debug\project.tlog\cl.write.1.tlog
d:\образование\алгоритмизация и программирование\iii семестр\project\project\x64\debug\project.tlog\link-cvtres.read.1.tlog
d:\образование\алгоритмизация и программирование\iii семестр\project\project\x64\debug\project.tlog\link-cvtres.write.1.tlog
d:\образование\алгоритмизация и программирование\iii семестр\project\project\x64\debug\project.tlog\link-rc.read.1.tlog
d:\образование\алгоритмизация и программирование\iii семестр\project\project\x64\debug\project.tlog\link-rc.write.1.tlog
d:\образование\алгоритмизация и программирование\iii семестр\project\project\x64\debug\project.tlog\link.16144-cvtres.read.1.tlog
d:\образование\алгоритмизация и программирование\iii семестр\project\project\x64\debug\project.tlog\link.16144-cvtres.write.1.tlog
d:\образование\алгоритмизация и программирование\iii семестр\project\project\x64\debug\project.tlog\link.16144-rc.read.1.tlog
d:\образование\алгоритмизация и программирование\iii семестр\project\project\x64\debug\project.tlog\link.16144-rc.write.1.tlog
d:\образование\алгоритмизация и программирование\iii семестр\project\project\x64\debug\project.tlog\link.16144.read.1.tlog
d:\образование\алгоритмизация и программирование\iii семестр\project\project\x64\debug\project.tlog\link.16144.read.2.tlog
d:\образование\алгоритмизация и программирование\iii семестр\project\project\x64\debug\project.tlog\link.16144.write.1.tlog
d:\образование\алгоритмизация и программирование\iii семестр\project\project\x64\debug\project.tlog\link.command.1.tlog
d:\образование\алгоритмизация и программирование\iii семестр\project\project\x64\debug\project.tlog\link.read.1.tlog
d:\образование\алгоритмизация и программирование\iii семестр\project\project\x64\debug\project.tlog\link.read.2.tlog
d:\образование\алгоритмизация и программирование\iii семестр\project\project\x64\debug\project.tlog\link.write.1.tlog
